# JRE version: OpenJDK Runtime Environment (8.0_202-b03) (build 1.8.0_202-release-1483-b03)
# Java VM: OpenJDK 64-Bit Server VM (25.202-b03 mixed mode windows-amd64 compressed oops)
Heap:
 PSYoungGen      total 285696K, used 90814K [0x00000000e0000000, 0x00000000f3900000, 0x0000000100000000)
  eden space 259072K, 24% used [0x00000000e0000000,0x00000000e3ef6020,0x00000000efd00000)
  from space 26624K, 98% used [0x00000000f0c80000,0x00000000f2639bd8,0x00000000f2680000)
  to   space 18944K, 0% used [0x00000000f2680000,0x00000000f2680000,0x00000000f3900000)
 ParOldGen       total 145408K, used 31092K [0x00000000a0000000, 0x00000000a8e00000, 0x00000000e0000000)
  object space 145408K, 21% used [0x00000000a0000000,0x00000000a1e5d368,0x00000000a8e00000)
 Metaspace       used 81490K, capacity 84692K, committed 84952K, reserved 1122304K
  class space    used 10469K, capacity 11139K, committed 11264K, reserved 1048576K
GC Heap History (10 events):
Event: 6.909 GC heap before
{Heap before GC invocations=10 (full 2):
 PSYoungGen      total 221184K, used 73339K [0x00000000e0000000, 0x00000000f4680000, 0x0000000100000000)
  eden space 205824K, 28% used [0x00000000e0000000,0x00000000e38a29a0,0x00000000ec900000)
  from space 15360K, 99% used [0x00000000ec900000,0x00000000ed7fc3b0,0x00000000ed800000)
  to   space 22528K, 0% used [0x00000000f3080000,0x00000000f3080000,0x00000000f4680000)
 ParOldGen       total 99328K, used 26866K [0x00000000a0000000, 0x00000000a6100000, 0x00000000e0000000)
  object space 99328K, 27% used [0x00000000a0000000,0x00000000a1a3c8f0,0x00000000a6100000)
 Metaspace       used 56980K, capacity 58828K, committed 58968K, reserved 1099776K
  class space    used 7770K, capacity 8209K, committed 8320K, reserved 1048576K
Event: 6.918 GC heap after
Heap after GC invocations=10 (full 2):
 PSYoungGen      total 310784K, used 16780K [0x00000000e0000000, 0x00000000f4900000, 0x0000000100000000)
  eden space 288256K, 0% used [0x00000000e0000000,0x00000000e0000000,0x00000000f1980000)
  from space 22528K, 74% used [0x00000000f3080000,0x00000000f40e3288,0x00000000f4680000)
  to   space 23552K, 0% used [0x00000000f1980000,0x00000000f1980000,0x00000000f3080000)
 ParOldGen       total 99328K, used 26938K [0x00000000a0000000, 0x00000000a6100000, 0x00000000e0000000)
  object space 99328K, 27% used [0x00000000a0000000,0x00000000a1a4e900,0x00000000a6100000)
 Metaspace       used 56980K, capacity 58828K, committed 58968K, reserved 1099776K
  class space    used 7770K, capacity 8209K, committed 8320K, reserved 1048576K
}
Event: 6.918 GC heap before
{Heap before GC invocations=11 (full 3):
 PSYoungGen      total 310784K, used 16780K [0x00000000e0000000, 0x00000000f4900000, 0x0000000100000000)
  eden space 288256K, 0% used [0x00000000e0000000,0x00000000e0000000,0x00000000f1980000)
  from space 22528K, 74% used [0x00000000f3080000,0x00000000f40e3288,0x00000000f4680000)
  to   space 23552K, 0% used [0x00000000f1980000,0x00000000f1980000,0x00000000f3080000)
 ParOldGen       total 99328K, used 26938K [0x00000000a0000000, 0x00000000a6100000, 0x00000000e0000000)
  object space 99328K, 27% used [0x00000000a0000000,0x00000000a1a4e900,0x00000000a6100000)
 Metaspace       used 56980K, capacity 58828K, committed 58968K, reserved 1099776K
  class space    used 7770K, capacity 8209K, committed 8320K, reserved 1048576K
Event: 7.048 GC heap after
Heap after GC invocations=11 (full 3):
 PSYoungGen      total 310784K, used 0K [0x00000000e0000000, 0x00000000f4900000, 0x0000000100000000)
  eden space 288256K, 0% used [0x00000000e0000000,0x00000000e0000000,0x00000000f1980000)
  from space 22528K, 0% used [0x00000000f3080000,0x00000000f3080000,0x00000000f4680000)
  to   space 23552K, 0% used [0x00000000f1980000,0x00000000f1980000,0x00000000f3080000)
 ParOldGen       total 145408K, used 31068K [0x00000000a0000000, 0x00000000a8e00000, 0x00000000e0000000)
  object space 145408K, 21% used [0x00000000a0000000,0x00000000a1e57368,0x00000000a8e00000)
 Metaspace       used 56829K, capacity 58376K, committed 58968K, reserved 1099776K
  class space    used 7722K, capacity 8125K, committed 8320K, reserved 1048576K
}
Event: 1521.675 GC heap before
{Heap before GC invocations=12 (full 3):
 PSYoungGen      total 310784K, used 288256K [0x00000000e0000000, 0x00000000f4900000, 0x0000000100000000)
  eden space 288256K, 100% used [0x00000000e0000000,0x00000000f1980000,0x00000000f1980000)
  from space 22528K, 0% used [0x00000000f3080000,0x00000000f3080000,0x00000000f4680000)
  to   space 23552K, 0% used [0x00000000f1980000,0x00000000f1980000,0x00000000f3080000)
 ParOldGen       total 145408K, used 31068K [0x00000000a0000000, 0x00000000a8e00000, 0x00000000e0000000)
  object space 145408K, 21% used [0x00000000a0000000,0x00000000a1e57368,0x00000000a8e00000)
 Metaspace       used 70776K, capacity 73540K, committed 73688K, reserved 1114112K
  class space    used 9296K, capacity 9883K, committed 9984K, reserved 1048576K
Event: 1521.694 GC heap after
Heap after GC invocations=12 (full 3):
 PSYoungGen      total 301568K, used 23103K [0x00000000e0000000, 0x00000000f4480000, 0x0000000100000000)
  eden space 278016K, 0% used [0x00000000e0000000,0x00000000e0000000,0x00000000f0f80000)
  from space 23552K, 98% used [0x00000000f1980000,0x00000000f300ff40,0x00000000f3080000)
  to   space 20480K, 0% used [0x00000000f3080000,0x00000000f3080000,0x00000000f4480000)
 ParOldGen       total 145408K, used 31076K [0x00000000a0000000, 0x00000000a8e00000, 0x00000000e0000000)
  object space 145408K, 21% used [0x00000000a0000000,0x00000000a1e59368,0x00000000a8e00000)
 Metaspace       used 70776K, capacity 73540K, committed 73688K, reserved 1114112K
  class space    used 9296K, capacity 9883K, committed 9984K, reserved 1048576K
}
Event: 2798.697 GC heap before
{Heap before GC invocations=13 (full 3):
 PSYoungGen      total 301568K, used 301119K [0x00000000e0000000, 0x00000000f4480000, 0x0000000100000000)
  eden space 278016K, 100% used [0x00000000e0000000,0x00000000f0f80000,0x00000000f0f80000)
  from space 23552K, 98% used [0x00000000f1980000,0x00000000f300ff40,0x00000000f3080000)
  to   space 20480K, 0% used [0x00000000f3080000,0x00000000f3080000,0x00000000f4480000)
 ParOldGen       total 145408K, used 31076K [0x00000000a0000000, 0x00000000a8e00000, 0x00000000e0000000)
  object space 145408K, 21% used [0x00000000a0000000,0x00000000a1e59368,0x00000000a8e00000)
 Metaspace       used 74846K, capacity 77940K, committed 78168K, reserved 1118208K
  class space    used 9710K, capacity 10351K, committed 10368K, reserved 1048576K
Event: 2799.139 GC heap after
Heap after GC invocations=13 (full 3):
 PSYoungGen      total 285696K, used 17374K [0x00000000e0000000, 0x00000000f4180000, 0x0000000100000000)
  eden space 268288K, 0% used [0x00000000e0000000,0x00000000e0000000,0x00000000f0600000)
  from space 17408K, 99% used [0x00000000f3080000,0x00000000f4177ac0,0x00000000f4180000)
  to   space 27136K, 0% used [0x00000000f0c80000,0x00000000f0c80000,0x00000000f2700000)
 ParOldGen       total 145408K, used 31084K [0x00000000a0000000, 0x00000000a8e00000, 0x00000000e0000000)
  object space 145408K, 21% used [0x00000000a0000000,0x00000000a1e5b368,0x00000000a8e00000)
 Metaspace       used 74846K, capacity 77940K, committed 78168K, reserved 1118208K
  class space    used 9710K, capacity 10351K, committed 10368K, reserved 1048576K
}
Event: 2805.149 GC heap before
{Heap before GC invocations=14 (full 3):
 PSYoungGen      total 285696K, used 285662K [0x00000000e0000000, 0x00000000f4180000, 0x0000000100000000)
  eden space 268288K, 100% used [0x00000000e0000000,0x00000000f0600000,0x00000000f0600000)
  from space 17408K, 99% used [0x00000000f3080000,0x00000000f4177ac0,0x00000000f4180000)
  to   space 27136K, 0% used [0x00000000f0c80000,0x00000000f0c80000,0x00000000f2700000)
 ParOldGen       total 145408K, used 31084K [0x00000000a0000000, 0x00000000a8e00000, 0x00000000e0000000)
  object space 145408K, 21% used [0x00000000a0000000,0x00000000a1e5b368,0x00000000a8e00000)
 Metaspace       used 79650K, capacity 82856K, committed 83160K, reserved 1122304K
  class space    used 10297K, capacity 10949K, committed 11008K, reserved 1048576K
Event: 2805.166 GC heap after
Heap after GC invocations=14 (full 3):
 PSYoungGen      total 285696K, used 26342K [0x00000000e0000000, 0x00000000f3900000, 0x0000000100000000)
  eden space 259072K, 0% used [0x00000000e0000000,0x00000000e0000000,0x00000000efd00000)
  from space 26624K, 98% used [0x00000000f0c80000,0x00000000f2639bd8,0x00000000f2680000)
  to   space 18944K, 0% used [0x00000000f2680000,0x00000000f2680000,0x00000000f3900000)
 ParOldGen       total 145408K, used 31092K [0x00000000a0000000, 0x00000000a8e00000, 0x00000000e0000000)
  object space 145408K, 21% used [0x00000000a0000000,0x00000000a1e5d368,0x00000000a8e00000)
 Metaspace       used 79650K, capacity 82856K, committed 83160K, reserved 1122304K
  class space    used 10297K, capacity 10949K, committed 11008K, reserved 1048576K
}

